<?xml version="1.0" encoding="UTF-8"?>
<!-- Generated by org.testng.reporters.JUnitReportReporter -->
<testsuite hostname="LAPTOP-8TP6OQIJ" failures="0" tests="1" name="TestCases.VerifyLoginTestCase" time="5.383" errors="0" timestamp="2022-08-30T08:30:23 IST" skipped="0">
  <testcase classname="TestCases.VerifyLoginTestCase" name="login" time="5.383"/>
  <system-out/>
</testsuite> <!-- TestCases.VerifyLoginTestCase -->
